0 verbose cli C:\Program Files\nodejs\node.exe C:\Program Files\nodejs\node_modules\npm\bin\npm-cli.js
1 info using npm@10.8.2
2 info using node@v20.17.0
3 silly config load:file:C:\Program Files\nodejs\node_modules\npm\npmrc
4 silly config load:file:C:\webChat\static\script\.npmrc
5 silly config load:file:C:\Users\junjo\.npmrc
6 silly config load:file:C:\Users\junjo\AppData\Roaming\npm\etc\npmrc
7 verbose title npm install express cors multer
8 verbose argv "install" "express" "cors" "multer"
9 verbose logfile logs-max:10 dir:C:\webChat\static\script\UsersjunjoAppDataLocalnpm-cache\_logs\2024-11-14T17_40_12_185Z-
10 verbose logfile C:\webChat\static\script\UsersjunjoAppDataLocalnpm-cache\_logs\2024-11-14T17_40_12_185Z-debug-0.log
11 silly packumentCache heap:2197815296 maxSize:549453824 maxEntrySize:274726912
12 silly logfile done cleaning log files
13 silly idealTree buildDeps
14 silly fetch manifest express@*
15 silly packumentCache full:https://registry.npmjs.org/express cache-miss
16 http fetch GET 200 https://registry.npmjs.org/npm 78ms
17 http fetch GET 200 https://registry.npmjs.org/express 64ms (cache miss)
18 silly packumentCache full:https://registry.npmjs.org/express set size:undefined disposed:false
19 silly fetch manifest cors@*
20 silly packumentCache full:https://registry.npmjs.org/cors cache-miss
21 http fetch GET 200 https://registry.npmjs.org/cors 25ms (cache miss)
22 silly packumentCache full:https://registry.npmjs.org/cors set size:undefined disposed:false
23 silly fetch manifest multer@*
24 silly packumentCache full:https://registry.npmjs.org/multer cache-miss
25 http fetch GET 200 https://registry.npmjs.org/multer 28ms (cache miss)
26 silly packumentCache full:https://registry.npmjs.org/multer set size:undefined disposed:false
27 silly placeDep ROOT cors@2.8.5 OK for:  want: *
28 silly placeDep ROOT express@4.21.1 OK for:  want: *
29 silly placeDep ROOT multer@1.4.5-lts.1 OK for:  want: *
30 silly fetch manifest vary@^1
31 silly packumentCache full:https://registry.npmjs.org/vary cache-miss
32 silly fetch manifest object-assign@^4
33 silly packumentCache full:https://registry.npmjs.org/object-assign cache-miss
34 silly fetch manifest qs@6.13.0
35 silly packumentCache full:https://registry.npmjs.org/qs cache-miss
36 silly fetch manifest depd@2.0.0
37 silly packumentCache full:https://registry.npmjs.org/depd cache-miss
38 silly fetch manifest etag@~1.8.1
39 silly packumentCache full:https://registry.npmjs.org/etag cache-miss
40 silly fetch manifest send@0.19.0
41 silly packumentCache full:https://registry.npmjs.org/send cache-miss
42 silly fetch manifest vary@~1.1.2
43 silly packumentCache full:https://registry.npmjs.org/vary cache-miss
44 silly fetch manifest debug@2.6.9
45 silly packumentCache full:https://registry.npmjs.org/debug cache-miss
46 silly fetch manifest fresh@0.5.2
47 silly packumentCache full:https://registry.npmjs.org/fresh cache-miss
48 silly fetch manifest cookie@0.7.1
49 silly packumentCache full:https://registry.npmjs.org/cookie cache-miss
50 silly fetch manifest accepts@~1.3.8
51 silly packumentCache full:https://registry.npmjs.org/accepts cache-miss
52 http fetch GET 200 https://registry.npmjs.org/object-assign 37ms (cache miss)
53 silly packumentCache full:https://registry.npmjs.org/object-assign set size:undefined disposed:false
54 silly fetch manifest methods@~1.1.2
55 silly packumentCache full:https://registry.npmjs.org/methods cache-miss
56 http fetch GET 200 https://registry.npmjs.org/vary 39ms (cache miss)
57 silly packumentCache full:https://registry.npmjs.org/vary set size:undefined disposed:false
58 silly fetch manifest type-is@~1.6.18
59 silly packumentCache full:https://registry.npmjs.org/type-is cache-miss
60 http fetch GET 200 https://registry.npmjs.org/vary 46ms (cache miss)
61 silly packumentCache full:https://registry.npmjs.org/vary set size:undefined disposed:false
62 silly fetch manifest parseurl@~1.3.3
63 silly packumentCache full:https://registry.npmjs.org/parseurl cache-miss
64 http fetch GET 200 https://registry.npmjs.org/fresh 54ms (cache miss)
65 silly packumentCache full:https://registry.npmjs.org/fresh set size:undefined disposed:false
66 silly fetch manifest statuses@2.0.1
67 silly packumentCache full:https://registry.npmjs.org/statuses cache-miss
68 http fetch GET 200 https://registry.npmjs.org/qs 63ms (cache miss)
69 silly packumentCache full:https://registry.npmjs.org/qs set size:undefined disposed:false
70 silly fetch manifest encodeurl@~2.0.0
71 silly packumentCache full:https://registry.npmjs.org/encodeurl cache-miss
72 http fetch GET 200 https://registry.npmjs.org/methods 31ms (cache miss)
73 silly packumentCache full:https://registry.npmjs.org/methods set size:undefined disposed:false
74 silly fetch manifest proxy-addr@~2.0.7
75 silly packumentCache full:https://registry.npmjs.org/proxy-addr cache-miss
76 http fetch GET 200 https://registry.npmjs.org/depd 69ms (cache miss)
77 silly packumentCache full:https://registry.npmjs.org/depd set size:undefined disposed:false
78 silly fetch manifest body-parser@1.20.3
79 silly packumentCache full:https://registry.npmjs.org/body-parser cache-miss
80 http fetch GET 200 https://registry.npmjs.org/accepts 69ms (cache miss)
81 silly packumentCache full:https://registry.npmjs.org/accepts set size:undefined disposed:false
82 silly fetch manifest escape-html@~1.0.3
83 silly packumentCache full:https://registry.npmjs.org/escape-html cache-miss
84 http fetch GET 200 https://registry.npmjs.org/type-is 33ms (cache miss)
85 silly packumentCache full:https://registry.npmjs.org/type-is set size:undefined disposed:false
86 silly fetch manifest http-errors@2.0.0
87 silly packumentCache full:https://registry.npmjs.org/http-errors cache-miss
88 http fetch GET 200 https://registry.npmjs.org/etag 72ms (cache miss)
89 silly packumentCache full:https://registry.npmjs.org/etag set size:undefined disposed:false
90 silly fetch manifest on-finished@2.4.1
91 silly packumentCache full:https://registry.npmjs.org/on-finished cache-miss
92 http fetch GET 200 https://registry.npmjs.org/cookie 75ms (cache miss)
93 silly packumentCache full:https://registry.npmjs.org/cookie set size:undefined disposed:false
94 silly fetch manifest safe-buffer@5.2.1
95 silly packumentCache full:https://registry.npmjs.org/safe-buffer cache-miss
96 http fetch GET 200 https://registry.npmjs.org/send 77ms (cache miss)
97 silly packumentCache full:https://registry.npmjs.org/send set size:undefined disposed:false
98 silly fetch manifest utils-merge@1.0.1
99 silly packumentCache full:https://registry.npmjs.org/utils-merge cache-miss
100 http fetch GET 200 https://registry.npmjs.org/parseurl 32ms (cache miss)
101 silly packumentCache full:https://registry.npmjs.org/parseurl set size:undefined disposed:false
102 silly fetch manifest content-type@~1.0.4
103 silly packumentCache full:https://registry.npmjs.org/content-type cache-miss
104 http fetch GET 200 https://registry.npmjs.org/debug 82ms (cache miss)
105 silly packumentCache full:https://registry.npmjs.org/debug set size:undefined disposed:false
106 silly fetch manifest finalhandler@1.3.1
107 silly packumentCache full:https://registry.npmjs.org/finalhandler cache-miss
108 http fetch GET 200 https://registry.npmjs.org/statuses 31ms (cache miss)
109 silly packumentCache full:https://registry.npmjs.org/statuses set size:undefined disposed:false
110 silly fetch manifest range-parser@~1.2.1
111 silly packumentCache full:https://registry.npmjs.org/range-parser cache-miss
112 http fetch GET 200 https://registry.npmjs.org/encodeurl 24ms (cache miss)
113 silly packumentCache full:https://registry.npmjs.org/encodeurl set size:undefined disposed:false
114 silly fetch manifest serve-static@1.16.2
115 silly packumentCache full:https://registry.npmjs.org/serve-static cache-miss
116 http fetch GET 200 https://registry.npmjs.org/on-finished 21ms (cache miss)
117 silly packumentCache full:https://registry.npmjs.org/on-finished set size:undefined disposed:false
118 silly fetch manifest array-flatten@1.1.1
119 silly packumentCache full:https://registry.npmjs.org/array-flatten cache-miss
120 http fetch GET 200 https://registry.npmjs.org/http-errors 27ms (cache miss)
121 silly packumentCache full:https://registry.npmjs.org/http-errors set size:undefined disposed:false
122 silly fetch manifest path-to-regexp@0.1.10
123 silly packumentCache full:https://registry.npmjs.org/path-to-regexp cache-miss
124 http fetch GET 200 https://registry.npmjs.org/utils-merge 28ms (cache miss)
125 silly packumentCache full:https://registry.npmjs.org/utils-merge set size:undefined disposed:false
126 silly fetch manifest setprototypeof@1.2.0
127 silly packumentCache full:https://registry.npmjs.org/setprototypeof cache-miss
128 http fetch GET 200 https://registry.npmjs.org/content-type 27ms (cache miss)
129 silly packumentCache full:https://registry.npmjs.org/content-type set size:undefined disposed:false
130 silly fetch manifest cookie-signature@1.0.6
131 silly packumentCache full:https://registry.npmjs.org/cookie-signature cache-miss
132 http fetch GET 200 https://registry.npmjs.org/escape-html 38ms (cache miss)
133 silly packumentCache full:https://registry.npmjs.org/escape-html set size:undefined disposed:false
134 silly fetch manifest merge-descriptors@1.0.3
135 silly packumentCache full:https://registry.npmjs.org/merge-descriptors cache-miss
136 http fetch GET 200 https://registry.npmjs.org/safe-buffer 37ms (cache miss)
137 silly packumentCache full:https://registry.npmjs.org/safe-buffer set size:undefined disposed:false
138 silly fetch manifest content-disposition@0.5.4
139 silly packumentCache full:https://registry.npmjs.org/content-disposition cache-miss
140 http fetch GET 200 https://registry.npmjs.org/range-parser 28ms (cache miss)
141 silly packumentCache full:https://registry.npmjs.org/range-parser set size:undefined disposed:false
142 silly fetch manifest append-field@^1.0.0
143 silly packumentCache full:https://registry.npmjs.org/append-field cache-miss
144 http fetch GET 200 https://registry.npmjs.org/finalhandler 31ms (cache miss)
145 silly packumentCache full:https://registry.npmjs.org/finalhandler set size:undefined disposed:false
146 silly fetch manifest busboy@^1.0.0
147 silly packumentCache full:https://registry.npmjs.org/busboy cache-miss
148 http fetch GET 200 https://registry.npmjs.org/array-flatten 25ms (cache miss)
149 silly packumentCache full:https://registry.npmjs.org/array-flatten set size:undefined disposed:false
150 silly fetch manifest concat-stream@^1.5.2
151 silly packumentCache full:https://registry.npmjs.org/concat-stream cache-miss
152 http fetch GET 200 https://registry.npmjs.org/serve-static 32ms (cache miss)
153 silly packumentCache full:https://registry.npmjs.org/serve-static set size:undefined disposed:false
154 silly fetch manifest mkdirp@^0.5.4
155 silly packumentCache full:https://registry.npmjs.org/mkdirp cache-miss
156 http fetch GET 200 https://registry.npmjs.org/cookie-signature 17ms (cache miss)
157 silly packumentCache full:https://registry.npmjs.org/cookie-signature set size:undefined disposed:false
158 silly fetch manifest object-assign@^4.1.1
159 silly packumentCache full:https://registry.npmjs.org/object-assign cache-miss
160 http fetch GET 200 https://registry.npmjs.org/path-to-regexp 28ms (cache miss)
161 silly packumentCache full:https://registry.npmjs.org/path-to-regexp set size:undefined disposed:false
162 silly fetch manifest type-is@^1.6.4
163 silly packumentCache full:https://registry.npmjs.org/type-is cache-miss
164 http fetch GET 200 https://registry.npmjs.org/object-assign 9ms (cache hit)
165 silly packumentCache full:https://registry.npmjs.org/object-assign set size:29002 disposed:false
166 silly fetch manifest xtend@^4.0.0
167 silly packumentCache full:https://registry.npmjs.org/xtend cache-miss
168 http fetch GET 200 https://registry.npmjs.org/type-is 11ms (cache hit)
169 silly packumentCache full:https://registry.npmjs.org/type-is set size:77081 disposed:false
170 http fetch GET 200 https://registry.npmjs.org/content-disposition 28ms (cache miss)
171 silly packumentCache full:https://registry.npmjs.org/content-disposition set size:undefined disposed:false
172 http fetch GET 200 https://registry.npmjs.org/setprototypeof 37ms (cache miss)
173 silly packumentCache full:https://registry.npmjs.org/setprototypeof set size:undefined disposed:false
174 http fetch GET 200 https://registry.npmjs.org/busboy 28ms (cache miss)
175 silly packumentCache full:https://registry.npmjs.org/busboy set size:undefined disposed:false
176 http fetch GET 200 https://registry.npmjs.org/append-field 31ms (cache miss)
177 silly packumentCache full:https://registry.npmjs.org/append-field set size:undefined disposed:false
178 http fetch GET 200 https://registry.npmjs.org/mkdirp 25ms (cache miss)
179 silly packumentCache full:https://registry.npmjs.org/mkdirp set size:undefined disposed:false
180 http fetch GET 200 https://registry.npmjs.org/xtend 19ms (cache miss)
181 silly packumentCache full:https://registry.npmjs.org/xtend set size:undefined disposed:false
182 http fetch GET 200 https://registry.npmjs.org/merge-descriptors 69ms (cache miss)
183 silly packumentCache full:https://registry.npmjs.org/merge-descriptors set size:undefined disposed:false
184 http fetch GET 200 https://registry.npmjs.org/concat-stream 66ms (cache miss)
185 silly packumentCache full:https://registry.npmjs.org/concat-stream set size:undefined disposed:false
186 http fetch GET 200 https://registry.npmjs.org/proxy-addr 535ms (cache miss)
187 silly packumentCache full:https://registry.npmjs.org/proxy-addr set size:undefined disposed:false
188 http fetch GET 200 https://registry.npmjs.org/body-parser 535ms (cache miss)
189 silly packumentCache full:https://registry.npmjs.org/body-parser set size:undefined disposed:false
190 silly placeDep ROOT object-assign@4.1.1 OK for: cors@2.8.5 want: ^4
191 silly placeDep ROOT vary@1.1.2 OK for: cors@2.8.5 want: ^1
192 silly placeDep ROOT accepts@1.3.8 OK for: express@4.21.1 want: ~1.3.8
193 silly placeDep ROOT array-flatten@1.1.1 OK for: express@4.21.1 want: 1.1.1
194 silly placeDep ROOT body-parser@1.20.3 OK for: express@4.21.1 want: 1.20.3
195 silly placeDep ROOT content-disposition@0.5.4 OK for: express@4.21.1 want: 0.5.4
196 silly placeDep ROOT content-type@1.0.5 OK for: express@4.21.1 want: ~1.0.4
197 silly placeDep ROOT cookie@0.7.1 OK for: express@4.21.1 want: 0.7.1
198 silly placeDep ROOT cookie-signature@1.0.6 OK for: express@4.21.1 want: 1.0.6
199 silly placeDep ROOT debug@2.6.9 OK for: express@4.21.1 want: 2.6.9
200 silly placeDep ROOT depd@2.0.0 OK for: express@4.21.1 want: 2.0.0
201 silly placeDep ROOT encodeurl@2.0.0 OK for: express@4.21.1 want: ~2.0.0
202 silly placeDep ROOT escape-html@1.0.3 OK for: express@4.21.1 want: ~1.0.3
203 silly placeDep ROOT etag@1.8.1 OK for: express@4.21.1 want: ~1.8.1
204 silly placeDep ROOT finalhandler@1.3.1 OK for: express@4.21.1 want: 1.3.1
205 silly placeDep ROOT fresh@0.5.2 OK for: express@4.21.1 want: 0.5.2
206 silly placeDep ROOT http-errors@2.0.0 OK for: express@4.21.1 want: 2.0.0
207 silly placeDep ROOT merge-descriptors@1.0.3 OK for: express@4.21.1 want: 1.0.3
208 silly placeDep ROOT methods@1.1.2 OK for: express@4.21.1 want: ~1.1.2
209 silly placeDep ROOT on-finished@2.4.1 OK for: express@4.21.1 want: 2.4.1
210 silly placeDep ROOT parseurl@1.3.3 OK for: express@4.21.1 want: ~1.3.3
211 silly placeDep ROOT path-to-regexp@0.1.10 OK for: express@4.21.1 want: 0.1.10
212 silly placeDep ROOT proxy-addr@2.0.7 OK for: express@4.21.1 want: ~2.0.7
213 silly placeDep ROOT qs@6.13.0 OK for: express@4.21.1 want: 6.13.0
214 silly placeDep ROOT range-parser@1.2.1 OK for: express@4.21.1 want: ~1.2.1
215 silly placeDep ROOT safe-buffer@5.2.1 OK for: express@4.21.1 want: 5.2.1
216 silly placeDep ROOT send@0.19.0 OK for: express@4.21.1 want: 0.19.0
217 silly placeDep ROOT serve-static@1.16.2 OK for: express@4.21.1 want: 1.16.2
218 silly placeDep ROOT setprototypeof@1.2.0 OK for: express@4.21.1 want: 1.2.0
219 silly placeDep ROOT statuses@2.0.1 OK for: express@4.21.1 want: 2.0.1
220 silly placeDep ROOT type-is@1.6.18 OK for: express@4.21.1 want: ~1.6.18
221 silly placeDep ROOT utils-merge@1.0.1 OK for: express@4.21.1 want: 1.0.1
222 silly fetch manifest mime-types@~2.1.34
223 silly packumentCache full:https://registry.npmjs.org/mime-types cache-miss
224 silly fetch manifest negotiator@0.6.3
225 silly packumentCache full:https://registry.npmjs.org/negotiator cache-miss
226 silly fetch manifest bytes@3.1.2
227 silly packumentCache full:https://registry.npmjs.org/bytes cache-miss
228 silly fetch manifest unpipe@1.0.0
229 silly packumentCache full:https://registry.npmjs.org/unpipe cache-miss
230 silly fetch manifest destroy@1.2.0
231 silly packumentCache full:https://registry.npmjs.org/destroy cache-miss
232 silly fetch manifest raw-body@2.5.2
233 silly packumentCache full:https://registry.npmjs.org/raw-body cache-miss
234 silly fetch manifest iconv-lite@0.4.24
235 silly packumentCache full:https://registry.npmjs.org/iconv-lite cache-miss
236 silly fetch manifest content-type@~1.0.5
237 silly packumentCache full:https://registry.npmjs.org/content-type cache-miss
238 silly fetch manifest ms@2.0.0
239 silly packumentCache full:https://registry.npmjs.org/ms cache-miss
240 silly fetch manifest unpipe@~1.0.0
241 silly packumentCache full:https://registry.npmjs.org/unpipe cache-miss
242 silly fetch manifest inherits@2.0.4
243 silly packumentCache full:https://registry.npmjs.org/inherits cache-miss
244 http fetch GET 200 https://registry.npmjs.org/content-type 7ms (cache hit)
245 silly packumentCache full:https://registry.npmjs.org/content-type set size:17251 disposed:false
246 silly fetch manifest toidentifier@1.0.1
247 silly packumentCache full:https://registry.npmjs.org/toidentifier cache-miss
248 http fetch GET 200 https://registry.npmjs.org/unpipe 36ms (cache miss)
249 silly packumentCache full:https://registry.npmjs.org/unpipe set size:undefined disposed:false
250 silly fetch manifest ee-first@1.1.1
251 silly packumentCache full:https://registry.npmjs.org/ee-first cache-miss
252 http fetch GET 200 https://registry.npmjs.org/unpipe 34ms (cache miss)
253 silly packumentCache full:https://registry.npmjs.org/unpipe set size:undefined disposed:false
254 silly fetch manifest forwarded@0.2.0
255 silly packumentCache full:https://registry.npmjs.org/forwarded cache-miss
256 http fetch GET 200 https://registry.npmjs.org/bytes 39ms (cache miss)
257 silly packumentCache full:https://registry.npmjs.org/bytes set size:undefined disposed:false
258 silly fetch manifest ipaddr.js@1.9.1
259 silly packumentCache full:https://registry.npmjs.org/ipaddr.js cache-miss
260 http fetch GET 200 https://registry.npmjs.org/destroy 41ms (cache miss)
261 silly packumentCache full:https://registry.npmjs.org/destroy set size:undefined disposed:false
262 silly fetch manifest side-channel@^1.0.6
263 silly packumentCache full:https://registry.npmjs.org/side-channel cache-miss
264 http fetch GET 200 https://registry.npmjs.org/inherits 39ms (cache miss)
265 silly packumentCache full:https://registry.npmjs.org/inherits set size:undefined disposed:false
266 silly fetch manifest ms@2.1.3
267 silly packumentCache full:https://registry.npmjs.org/ms cache-miss
268 http fetch GET 200 https://registry.npmjs.org/negotiator 44ms (cache miss)
269 silly packumentCache full:https://registry.npmjs.org/negotiator set size:undefined disposed:false
270 silly fetch manifest mime@1.6.0
271 silly packumentCache full:https://registry.npmjs.org/mime cache-miss
272 http fetch GET 200 https://registry.npmjs.org/mime-types 45ms (cache miss)
273 silly packumentCache full:https://registry.npmjs.org/mime-types set size:undefined disposed:false
274 silly fetch manifest encodeurl@~1.0.2
275 silly packumentCache full:https://registry.npmjs.org/encodeurl cache-miss
276 http fetch GET 200 https://registry.npmjs.org/toidentifier 37ms (cache miss)
277 silly packumentCache full:https://registry.npmjs.org/toidentifier set size:undefined disposed:false
278 silly fetch manifest mime-types@~2.1.24
279 silly packumentCache full:https://registry.npmjs.org/mime-types cache-miss
280 http fetch GET 200 https://registry.npmjs.org/raw-body 47ms (cache miss)
281 silly packumentCache full:https://registry.npmjs.org/raw-body set size:undefined disposed:false
282 silly fetch manifest media-typer@0.3.0
283 silly packumentCache full:https://registry.npmjs.org/media-typer cache-miss
284 http fetch GET 200 https://registry.npmjs.org/iconv-lite 48ms (cache miss)
285 silly packumentCache full:https://registry.npmjs.org/iconv-lite set size:undefined disposed:false
286 http fetch GET 200 https://registry.npmjs.org/ms 49ms (cache miss)
287 silly packumentCache full:https://registry.npmjs.org/ms set size:undefined disposed:false
288 http fetch GET 200 https://registry.npmjs.org/encodeurl 11ms (cache hit)
289 silly packumentCache full:https://registry.npmjs.org/encodeurl set size:12296 disposed:false
290 http fetch GET 200 https://registry.npmjs.org/mime-types 10ms (cache hit)
291 silly packumentCache full:https://registry.npmjs.org/mime-types set size:129792 disposed:false
292 http fetch GET 200 https://registry.npmjs.org/forwarded 26ms (cache miss)
293 silly packumentCache full:https://registry.npmjs.org/forwarded set size:undefined disposed:false
294 http fetch GET 200 https://registry.npmjs.org/ee-first 27ms (cache miss)
295 silly packumentCache full:https://registry.npmjs.org/ee-first set size:undefined disposed:false
296 http fetch GET 200 https://registry.npmjs.org/ipaddr.js 25ms (cache miss)
297 silly packumentCache full:https://registry.npmjs.org/ipaddr.js set size:undefined disposed:false
298 http fetch GET 200 https://registry.npmjs.org/ms 24ms (cache miss)
299 silly packumentCache full:https://registry.npmjs.org/ms set size:undefined disposed:false
300 http fetch GET 200 https://registry.npmjs.org/mime 24ms (cache miss)
301 silly packumentCache full:https://registry.npmjs.org/mime set size:undefined disposed:false
302 http fetch GET 200 https://registry.npmjs.org/side-channel 28ms (cache miss)
303 silly packumentCache full:https://registry.npmjs.org/side-channel set size:undefined disposed:false
304 http fetch GET 200 https://registry.npmjs.org/media-typer 20ms (cache miss)
305 silly packumentCache full:https://registry.npmjs.org/media-typer set size:undefined disposed:false
306 silly placeDep ROOT mime-types@2.1.35 OK for: accepts@1.3.8 want: ~2.1.34
307 silly placeDep ROOT negotiator@0.6.3 OK for: accepts@1.3.8 want: 0.6.3
308 silly fetch manifest mime-db@1.52.0
309 silly packumentCache full:https://registry.npmjs.org/mime-db cache-miss
310 http fetch GET 200 https://registry.npmjs.org/mime-db 25ms (cache miss)
311 silly packumentCache full:https://registry.npmjs.org/mime-db set size:undefined disposed:false
312 silly placeDep ROOT bytes@3.1.2 OK for: body-parser@1.20.3 want: 3.1.2
313 silly placeDep ROOT destroy@1.2.0 OK for: body-parser@1.20.3 want: 1.2.0
314 silly placeDep ROOT iconv-lite@0.4.24 OK for: body-parser@1.20.3 want: 0.4.24
315 silly placeDep ROOT raw-body@2.5.2 OK for: body-parser@1.20.3 want: 2.5.2
316 silly placeDep ROOT unpipe@1.0.0 OK for: body-parser@1.20.3 want: 1.0.0
317 silly fetch manifest safer-buffer@>= 2.1.2 < 3
318 silly packumentCache full:https://registry.npmjs.org/safer-buffer cache-miss
319 http fetch GET 200 https://registry.npmjs.org/safer-buffer 21ms (cache miss)
320 silly packumentCache full:https://registry.npmjs.org/safer-buffer set size:undefined disposed:false
321 silly placeDep ROOT ms@2.0.0 OK for: debug@2.6.9 want: 2.0.0
322 silly placeDep ROOT inherits@2.0.4 OK for: http-errors@2.0.0 want: 2.0.4
323 silly placeDep ROOT toidentifier@1.0.1 OK for: http-errors@2.0.0 want: 1.0.1
324 silly placeDep ROOT safer-buffer@2.1.2 OK for: iconv-lite@0.4.24 want: >= 2.1.2 < 3
325 silly placeDep ROOT mime-db@1.52.0 OK for: mime-types@2.1.35 want: 1.52.0
326 silly placeDep ROOT append-field@1.0.0 OK for: multer@1.4.5-lts.1 want: ^1.0.0
327 silly placeDep ROOT busboy@1.6.0 OK for: multer@1.4.5-lts.1 want: ^1.0.0
328 silly placeDep ROOT concat-stream@1.6.2 OK for: multer@1.4.5-lts.1 want: ^1.5.2
329 silly placeDep ROOT mkdirp@0.5.6 OK for: multer@1.4.5-lts.1 want: ^0.5.4
330 silly placeDep ROOT xtend@4.0.2 OK for: multer@1.4.5-lts.1 want: ^4.0.0
331 silly fetch manifest streamsearch@^1.1.0
332 silly packumentCache full:https://registry.npmjs.org/streamsearch cache-miss
333 silly fetch manifest buffer-from@^1.0.0
334 silly packumentCache full:https://registry.npmjs.org/buffer-from cache-miss
335 silly fetch manifest readable-stream@^2.2.2
336 silly packumentCache full:https://registry.npmjs.org/readable-stream cache-miss
337 silly fetch manifest typedarray@^0.0.6
338 silly packumentCache full:https://registry.npmjs.org/typedarray cache-miss
339 silly fetch manifest minimist@^1.2.6
340 silly packumentCache full:https://registry.npmjs.org/minimist cache-miss
341 http fetch GET 200 https://registry.npmjs.org/typedarray 23ms (cache miss)
342 silly packumentCache full:https://registry.npmjs.org/typedarray set size:undefined disposed:false
343 http fetch GET 200 https://registry.npmjs.org/streamsearch 27ms (cache miss)
344 silly packumentCache full:https://registry.npmjs.org/streamsearch set size:undefined disposed:false
345 http fetch GET 200 https://registry.npmjs.org/minimist 25ms (cache miss)
346 silly packumentCache full:https://registry.npmjs.org/minimist set size:undefined disposed:false
347 http fetch GET 200 https://registry.npmjs.org/buffer-from 27ms (cache miss)
348 silly packumentCache full:https://registry.npmjs.org/buffer-from set size:undefined disposed:false
349 http fetch GET 200 https://registry.npmjs.org/readable-stream 27ms (cache miss)
350 silly packumentCache full:https://registry.npmjs.org/readable-stream set size:undefined disposed:false
351 silly placeDep ROOT streamsearch@1.1.0 OK for: busboy@1.6.0 want: ^1.1.0
352 silly placeDep ROOT buffer-from@1.1.2 OK for: concat-stream@1.6.2 want: ^1.0.0
353 silly placeDep ROOT readable-stream@2.3.8 OK for: concat-stream@1.6.2 want: ^2.2.2
354 silly placeDep ROOT typedarray@0.0.6 OK for: concat-stream@1.6.2 want: ^0.0.6
355 silly fetch manifest core-util-is@~1.0.0
356 silly packumentCache full:https://registry.npmjs.org/core-util-is cache-miss
357 silly fetch manifest isarray@~1.0.0
358 silly packumentCache full:https://registry.npmjs.org/isarray cache-miss
359 silly fetch manifest process-nextick-args@~2.0.0
360 silly packumentCache full:https://registry.npmjs.org/process-nextick-args cache-miss
361 silly fetch manifest safe-buffer@~5.1.1
362 silly packumentCache full:https://registry.npmjs.org/safe-buffer cache-miss
363 silly fetch manifest string_decoder@~1.1.1
364 silly packumentCache full:https://registry.npmjs.org/string_decoder cache-miss
365 silly fetch manifest util-deprecate@~1.0.1
366 silly packumentCache full:https://registry.npmjs.org/util-deprecate cache-miss
367 http fetch GET 200 https://registry.npmjs.org/safe-buffer 7ms (cache hit)
368 silly packumentCache full:https://registry.npmjs.org/safe-buffer set size:41183 disposed:false
369 http fetch GET 200 https://registry.npmjs.org/process-nextick-args 23ms (cache miss)
370 silly packumentCache full:https://registry.npmjs.org/process-nextick-args set size:undefined disposed:false
371 http fetch GET 200 https://registry.npmjs.org/core-util-is 25ms (cache miss)
372 silly packumentCache full:https://registry.npmjs.org/core-util-is set size:undefined disposed:false
373 http fetch GET 200 https://registry.npmjs.org/isarray 24ms (cache miss)
374 silly packumentCache full:https://registry.npmjs.org/isarray set size:undefined disposed:false
375 http fetch GET 200 https://registry.npmjs.org/util-deprecate 27ms (cache miss)
376 silly packumentCache full:https://registry.npmjs.org/util-deprecate set size:undefined disposed:false
377 http fetch GET 200 https://registry.npmjs.org/string_decoder 67ms (cache miss)
378 silly packumentCache full:https://registry.npmjs.org/string_decoder set size:undefined disposed:false
379 silly placeDep ROOT minimist@1.2.8 OK for: mkdirp@0.5.6 want: ^1.2.6
380 silly placeDep ROOT ee-first@1.1.1 OK for: on-finished@2.4.1 want: 1.1.1
381 silly placeDep ROOT forwarded@0.2.0 OK for: proxy-addr@2.0.7 want: 0.2.0
382 silly placeDep ROOT ipaddr.js@1.9.1 OK for: proxy-addr@2.0.7 want: 1.9.1
383 silly placeDep ROOT side-channel@1.0.6 OK for: qs@6.13.0 want: ^1.0.6
384 silly fetch manifest call-bind@^1.0.7
385 silly packumentCache full:https://registry.npmjs.org/call-bind cache-miss
386 silly fetch manifest es-errors@^1.3.0
387 silly packumentCache full:https://registry.npmjs.org/es-errors cache-miss
388 silly fetch manifest get-intrinsic@^1.2.4
389 silly packumentCache full:https://registry.npmjs.org/get-intrinsic cache-miss
390 silly fetch manifest object-inspect@^1.13.1
391 silly packumentCache full:https://registry.npmjs.org/object-inspect cache-miss
392 http fetch GET 200 https://registry.npmjs.org/call-bind 20ms (cache miss)
393 silly packumentCache full:https://registry.npmjs.org/call-bind set size:undefined disposed:false
394 http fetch GET 200 https://registry.npmjs.org/get-intrinsic 19ms (cache miss)
395 silly packumentCache full:https://registry.npmjs.org/get-intrinsic set size:undefined disposed:false
396 http fetch GET 200 https://registry.npmjs.org/es-errors 23ms (cache miss)
397 silly packumentCache full:https://registry.npmjs.org/es-errors set size:undefined disposed:false
398 http fetch GET 200 https://registry.npmjs.org/object-inspect 68ms (cache miss)
399 silly packumentCache full:https://registry.npmjs.org/object-inspect set size:undefined disposed:false
400 silly placeDep ROOT core-util-is@1.0.3 OK for: readable-stream@2.3.8 want: ~1.0.0
401 silly placeDep ROOT isarray@1.0.0 OK for: readable-stream@2.3.8 want: ~1.0.0
402 silly placeDep ROOT process-nextick-args@2.0.1 OK for: readable-stream@2.3.8 want: ~2.0.0
403 silly placeDep node_modules/readable-stream safe-buffer@5.1.2 OK for: readable-stream@2.3.8 want: ~5.1.1
404 silly placeDep ROOT string_decoder@1.1.1 OK for: readable-stream@2.3.8 want: ~1.1.1
405 silly placeDep ROOT util-deprecate@1.0.2 OK for: readable-stream@2.3.8 want: ~1.0.1
406 silly fetch manifest safe-buffer@~5.1.0
407 silly packumentCache full:https://registry.npmjs.org/safe-buffer cache-hit
408 silly placeDep node_modules/send encodeurl@1.0.2 OK for: send@0.19.0 want: ~1.0.2
409 silly placeDep ROOT mime@1.6.0 OK for: send@0.19.0 want: 1.6.0
410 silly placeDep node_modules/send ms@2.1.3 OK for: send@0.19.0 want: 2.1.3
411 silly placeDep ROOT call-bind@1.0.7 OK for: side-channel@1.0.6 want: ^1.0.7
412 silly placeDep ROOT es-errors@1.3.0 OK for: side-channel@1.0.6 want: ^1.3.0
413 silly placeDep ROOT get-intrinsic@1.2.4 OK for: side-channel@1.0.6 want: ^1.2.4
414 silly placeDep ROOT object-inspect@1.13.3 OK for: side-channel@1.0.6 want: ^1.13.1
415 silly fetch manifest es-define-property@^1.0.0
416 silly packumentCache full:https://registry.npmjs.org/es-define-property cache-miss
417 silly fetch manifest function-bind@^1.1.2
418 silly packumentCache full:https://registry.npmjs.org/function-bind cache-miss
419 silly fetch manifest set-function-length@^1.2.1
420 silly packumentCache full:https://registry.npmjs.org/set-function-length cache-miss
421 silly fetch manifest function-bind@^1.1.2
422 silly packumentCache full:https://registry.npmjs.org/function-bind cache-miss
423 silly fetch manifest has-proto@^1.0.1
424 silly packumentCache full:https://registry.npmjs.org/has-proto cache-miss
425 silly fetch manifest has-symbols@^1.0.3
426 silly packumentCache full:https://registry.npmjs.org/has-symbols cache-miss
427 silly fetch manifest hasown@^2.0.0
428 silly packumentCache full:https://registry.npmjs.org/hasown cache-miss
429 http fetch GET 200 https://registry.npmjs.org/hasown 25ms (cache miss)
430 silly packumentCache full:https://registry.npmjs.org/hasown set size:undefined disposed:false
431 http fetch GET 200 https://registry.npmjs.org/set-function-length 27ms (cache miss)
432 silly packumentCache full:https://registry.npmjs.org/set-function-length set size:undefined disposed:false
433 http fetch GET 200 https://registry.npmjs.org/es-define-property 28ms (cache miss)
434 silly packumentCache full:https://registry.npmjs.org/es-define-property set size:undefined disposed:false
435 http fetch GET 200 https://registry.npmjs.org/function-bind 28ms (cache miss)
436 silly packumentCache full:https://registry.npmjs.org/function-bind set size:undefined disposed:false
437 http fetch GET 200 https://registry.npmjs.org/has-proto 28ms (cache miss)
438 silly packumentCache full:https://registry.npmjs.org/has-proto set size:undefined disposed:false
439 http fetch GET 200 https://registry.npmjs.org/function-bind 29ms (cache miss)
440 silly packumentCache full:https://registry.npmjs.org/function-bind set size:undefined disposed:false
441 http fetch GET 200 https://registry.npmjs.org/has-symbols 28ms (cache miss)
442 silly packumentCache full:https://registry.npmjs.org/has-symbols set size:undefined disposed:false
443 silly placeDep ROOT es-define-property@1.0.0 OK for: call-bind@1.0.7 want: ^1.0.0
444 silly placeDep ROOT function-bind@1.1.2 OK for: call-bind@1.0.7 want: ^1.1.2
445 silly placeDep ROOT set-function-length@1.2.2 OK for: call-bind@1.0.7 want: ^1.2.1
446 silly fetch manifest define-data-property@^1.1.4
447 silly packumentCache full:https://registry.npmjs.org/define-data-property cache-miss
448 silly fetch manifest gopd@^1.0.1
449 silly packumentCache full:https://registry.npmjs.org/gopd cache-miss
450 silly fetch manifest has-property-descriptors@^1.0.2
451 silly packumentCache full:https://registry.npmjs.org/has-property-descriptors cache-miss
452 http fetch GET 200 https://registry.npmjs.org/define-data-property 22ms (cache miss)
453 silly packumentCache full:https://registry.npmjs.org/define-data-property set size:undefined disposed:false
454 http fetch GET 200 https://registry.npmjs.org/gopd 24ms (cache miss)
455 silly packumentCache full:https://registry.npmjs.org/gopd set size:undefined disposed:false
456 http fetch GET 200 https://registry.npmjs.org/has-property-descriptors 28ms (cache miss)
457 silly packumentCache full:https://registry.npmjs.org/has-property-descriptors set size:undefined disposed:false
458 silly placeDep ROOT has-proto@1.0.3 OK for: get-intrinsic@1.2.4 want: ^1.0.1
459 silly placeDep ROOT has-symbols@1.0.3 OK for: get-intrinsic@1.2.4 want: ^1.0.3
460 silly placeDep ROOT hasown@2.0.2 OK for: get-intrinsic@1.2.4 want: ^2.0.0
461 silly placeDep ROOT define-data-property@1.1.4 OK for: set-function-length@1.2.2 want: ^1.1.4
462 silly placeDep ROOT gopd@1.0.1 OK for: set-function-length@1.2.2 want: ^1.0.1
463 silly placeDep ROOT has-property-descriptors@1.0.2 OK for: set-function-length@1.2.2 want: ^1.0.2
464 silly placeDep node_modules/string_decoder safe-buffer@5.1.2 OK for: string_decoder@1.1.1 want: ~5.1.0
465 silly placeDep ROOT media-typer@0.3.0 OK for: type-is@1.6.18 want: 0.3.0
466 silly reify moves {}
467 silly tarball no local data for media-typer@https://registry.npmjs.org/media-typer/-/media-typer-0.3.0.tgz. Extracting by manifest.
468 silly tarball no local data for gopd@https://registry.npmjs.org/gopd/-/gopd-1.0.1.tgz. Extracting by manifest.
469 silly tarball no local data for has-property-descriptors@https://registry.npmjs.org/has-property-descriptors/-/has-property-descriptors-1.0.2.tgz. Extracting by manifest.
470 silly tarball no local data for define-data-property@https://registry.npmjs.org/define-data-property/-/define-data-property-1.1.4.tgz. Extracting by manifest.
471 silly tarball no local data for hasown@https://registry.npmjs.org/hasown/-/hasown-2.0.2.tgz. Extracting by manifest.
472 silly tarball no local data for has-symbols@https://registry.npmjs.org/has-symbols/-/has-symbols-1.0.3.tgz. Extracting by manifest.
473 silly tarball no local data for has-proto@https://registry.npmjs.org/has-proto/-/has-proto-1.0.3.tgz. Extracting by manifest.
474 silly tarball no local data for set-function-length@https://registry.npmjs.org/set-function-length/-/set-function-length-1.2.2.tgz. Extracting by manifest.
475 silly tarball no local data for es-define-property@https://registry.npmjs.org/es-define-property/-/es-define-property-1.0.0.tgz. Extracting by manifest.
476 silly tarball no local data for function-bind@https://registry.npmjs.org/function-bind/-/function-bind-1.1.2.tgz. Extracting by manifest.
477 silly tarball no local data for es-errors@https://registry.npmjs.org/es-errors/-/es-errors-1.3.0.tgz. Extracting by manifest.
478 silly tarball no local data for object-inspect@https://registry.npmjs.org/object-inspect/-/object-inspect-1.13.3.tgz. Extracting by manifest.
479 silly tarball no local data for call-bind@https://registry.npmjs.org/call-bind/-/call-bind-1.0.7.tgz. Extracting by manifest.
480 silly tarball no local data for get-intrinsic@https://registry.npmjs.org/get-intrinsic/-/get-intrinsic-1.2.4.tgz. Extracting by manifest.
481 silly tarball no local data for mime@https://registry.npmjs.org/mime/-/mime-1.6.0.tgz. Extracting by manifest.
482 silly tarball no local data for string_decoder@https://registry.npmjs.org/string_decoder/-/string_decoder-1.1.1.tgz. Extracting by manifest.
483 silly tarball no local data for util-deprecate@https://registry.npmjs.org/util-deprecate/-/util-deprecate-1.0.2.tgz. Extracting by manifest.
484 silly tarball no local data for process-nextick-args@https://registry.npmjs.org/process-nextick-args/-/process-nextick-args-2.0.1.tgz. Extracting by manifest.
485 silly tarball no local data for isarray@https://registry.npmjs.org/isarray/-/isarray-1.0.0.tgz. Extracting by manifest.
486 silly tarball no local data for core-util-is@https://registry.npmjs.org/core-util-is/-/core-util-is-1.0.3.tgz. Extracting by manifest.
487 silly tarball no local data for side-channel@https://registry.npmjs.org/side-channel/-/side-channel-1.0.6.tgz. Extracting by manifest.
488 silly tarball no local data for ipaddr.js@https://registry.npmjs.org/ipaddr.js/-/ipaddr.js-1.9.1.tgz. Extracting by manifest.
489 silly tarball no local data for forwarded@https://registry.npmjs.org/forwarded/-/forwarded-0.2.0.tgz. Extracting by manifest.
490 silly tarball no local data for ee-first@https://registry.npmjs.org/ee-first/-/ee-first-1.1.1.tgz. Extracting by manifest.
491 silly tarball no local data for readable-stream@https://registry.npmjs.org/readable-stream/-/readable-stream-2.3.8.tgz. Extracting by manifest.
492 silly tarball no local data for minimist@https://registry.npmjs.org/minimist/-/minimist-1.2.8.tgz. Extracting by manifest.
493 silly tarball no local data for typedarray@https://registry.npmjs.org/typedarray/-/typedarray-0.0.6.tgz. Extracting by manifest.
494 silly tarball no local data for buffer-from@https://registry.npmjs.org/buffer-from/-/buffer-from-1.1.2.tgz. Extracting by manifest.
495 silly tarball no local data for streamsearch@https://registry.npmjs.org/streamsearch/-/streamsearch-1.1.0.tgz. Extracting by manifest.
496 silly tarball no local data for xtend@https://registry.npmjs.org/xtend/-/xtend-4.0.2.tgz. Extracting by manifest.
497 silly tarball no local data for concat-stream@https://registry.npmjs.org/concat-stream/-/concat-stream-1.6.2.tgz. Extracting by manifest.
498 silly tarball no local data for mkdirp@https://registry.npmjs.org/mkdirp/-/mkdirp-0.5.6.tgz. Extracting by manifest.
499 silly tarball no local data for busboy@https://registry.npmjs.org/busboy/-/busboy-1.6.0.tgz. Extracting by manifest.
500 silly tarball no local data for mime-db@https://registry.npmjs.org/mime-db/-/mime-db-1.52.0.tgz. Extracting by manifest.
501 silly tarball no local data for append-field@https://registry.npmjs.org/append-field/-/append-field-1.0.0.tgz. Extracting by manifest.
502 silly tarball no local data for safer-buffer@https://registry.npmjs.org/safer-buffer/-/safer-buffer-2.1.2.tgz. Extracting by manifest.
503 silly tarball no local data for toidentifier@https://registry.npmjs.org/toidentifier/-/toidentifier-1.0.1.tgz. Extracting by manifest.
504 silly tarball no local data for inherits@https://registry.npmjs.org/inherits/-/inherits-2.0.4.tgz. Extracting by manifest.
505 silly tarball no local data for raw-body@https://registry.npmjs.org/raw-body/-/raw-body-2.5.2.tgz. Extracting by manifest.
506 silly tarball no local data for ms@https://registry.npmjs.org/ms/-/ms-2.0.0.tgz. Extracting by manifest.
507 silly tarball no local data for unpipe@https://registry.npmjs.org/unpipe/-/unpipe-1.0.0.tgz. Extracting by manifest.
508 silly tarball no local data for iconv-lite@https://registry.npmjs.org/iconv-lite/-/iconv-lite-0.4.24.tgz. Extracting by manifest.
509 silly tarball no local data for destroy@https://registry.npmjs.org/destroy/-/destroy-1.2.0.tgz. Extracting by manifest.
510 silly tarball no local data for bytes@https://registry.npmjs.org/bytes/-/bytes-3.1.2.tgz. Extracting by manifest.
511 silly tarball no local data for mime-types@https://registry.npmjs.org/mime-types/-/mime-types-2.1.35.tgz. Extracting by manifest.
512 silly tarball no local data for negotiator@https://registry.npmjs.org/negotiator/-/negotiator-0.6.3.tgz. Extracting by manifest.
513 silly tarball no local data for utils-merge@https://registry.npmjs.org/utils-merge/-/utils-merge-1.0.1.tgz. Extracting by manifest.
514 silly tarball no local data for statuses@https://registry.npmjs.org/statuses/-/statuses-2.0.1.tgz. Extracting by manifest.
515 silly tarball no local data for type-is@https://registry.npmjs.org/type-is/-/type-is-1.6.18.tgz. Extracting by manifest.
516 silly tarball no local data for setprototypeof@https://registry.npmjs.org/setprototypeof/-/setprototypeof-1.2.0.tgz. Extracting by manifest.
517 silly tarball no local data for serve-static@https://registry.npmjs.org/serve-static/-/serve-static-1.16.2.tgz. Extracting by manifest.
518 silly tarball no local data for safe-buffer@https://registry.npmjs.org/safe-buffer/-/safe-buffer-5.2.1.tgz. Extracting by manifest.
519 silly tarball no local data for qs@https://registry.npmjs.org/qs/-/qs-6.13.0.tgz. Extracting by manifest.
520 silly tarball no local data for range-parser@https://registry.npmjs.org/range-parser/-/range-parser-1.2.1.tgz. Extracting by manifest.
521 silly tarball no local data for send@https://registry.npmjs.org/send/-/send-0.19.0.tgz. Extracting by manifest.
522 silly tarball no local data for proxy-addr@https://registry.npmjs.org/proxy-addr/-/proxy-addr-2.0.7.tgz. Extracting by manifest.
523 silly tarball no local data for path-to-regexp@https://registry.npmjs.org/path-to-regexp/-/path-to-regexp-0.1.10.tgz. Extracting by manifest.
524 silly tarball no local data for parseurl@https://registry.npmjs.org/parseurl/-/parseurl-1.3.3.tgz. Extracting by manifest.
525 silly tarball no local data for on-finished@https://registry.npmjs.org/on-finished/-/on-finished-2.4.1.tgz. Extracting by manifest.
526 silly tarball no local data for methods@https://registry.npmjs.org/methods/-/methods-1.1.2.tgz. Extracting by manifest.
527 silly tarball no local data for merge-descriptors@https://registry.npmjs.org/merge-descriptors/-/merge-descriptors-1.0.3.tgz. Extracting by manifest.
528 silly tarball no local data for finalhandler@https://registry.npmjs.org/finalhandler/-/finalhandler-1.3.1.tgz. Extracting by manifest.
529 silly tarball no local data for fresh@https://registry.npmjs.org/fresh/-/fresh-0.5.2.tgz. Extracting by manifest.
530 silly tarball no local data for http-errors@https://registry.npmjs.org/http-errors/-/http-errors-2.0.0.tgz. Extracting by manifest.
531 silly tarball no local data for escape-html@https://registry.npmjs.org/escape-html/-/escape-html-1.0.3.tgz. Extracting by manifest.
532 silly tarball no local data for etag@https://registry.npmjs.org/etag/-/etag-1.8.1.tgz. Extracting by manifest.
533 silly tarball no local data for debug@https://registry.npmjs.org/debug/-/debug-2.6.9.tgz. Extracting by manifest.
534 silly tarball no local data for encodeurl@https://registry.npmjs.org/encodeurl/-/encodeurl-2.0.0.tgz. Extracting by manifest.
535 silly tarball no local data for cookie-signature@https://registry.npmjs.org/cookie-signature/-/cookie-signature-1.0.6.tgz. Extracting by manifest.
536 silly tarball no local data for cookie@https://registry.npmjs.org/cookie/-/cookie-0.7.1.tgz. Extracting by manifest.
537 silly tarball no local data for depd@https://registry.npmjs.org/depd/-/depd-2.0.0.tgz. Extracting by manifest.
538 silly tarball no local data for content-type@https://registry.npmjs.org/content-type/-/content-type-1.0.5.tgz. Extracting by manifest.
539 silly tarball no local data for content-disposition@https://registry.npmjs.org/content-disposition/-/content-disposition-0.5.4.tgz. Extracting by manifest.
540 silly tarball no local data for body-parser@https://registry.npmjs.org/body-parser/-/body-parser-1.20.3.tgz. Extracting by manifest.
541 silly tarball no local data for accepts@https://registry.npmjs.org/accepts/-/accepts-1.3.8.tgz. Extracting by manifest.
542 silly tarball no local data for vary@https://registry.npmjs.org/vary/-/vary-1.1.2.tgz. Extracting by manifest.
543 silly tarball no local data for object-assign@https://registry.npmjs.org/object-assign/-/object-assign-4.1.1.tgz. Extracting by manifest.
544 silly tarball no local data for array-flatten@https://registry.npmjs.org/array-flatten/-/array-flatten-1.1.1.tgz. Extracting by manifest.
545 silly tarball no local data for multer@https://registry.npmjs.org/multer/-/multer-1.4.5-lts.1.tgz. Extracting by manifest.
546 silly tarball no local data for express@https://registry.npmjs.org/express/-/express-4.21.1.tgz. Extracting by manifest.
547 silly tarball no local data for cors@https://registry.npmjs.org/cors/-/cors-2.8.5.tgz. Extracting by manifest.
548 silly tarball no local data for safe-buffer@https://registry.npmjs.org/safe-buffer/-/safe-buffer-5.1.2.tgz. Extracting by manifest.
549 silly tarball no local data for safe-buffer@https://registry.npmjs.org/safe-buffer/-/safe-buffer-5.1.2.tgz. Extracting by manifest.
550 silly tarball no local data for ms@https://registry.npmjs.org/ms/-/ms-2.1.3.tgz. Extracting by manifest.
551 silly tarball no local data for encodeurl@https://registry.npmjs.org/encodeurl/-/encodeurl-1.0.2.tgz. Extracting by manifest.
552 http fetch GET 200 https://registry.npmjs.org/gopd/-/gopd-1.0.1.tgz 163ms (cache miss)
553 http fetch GET 200 https://registry.npmjs.org/media-typer/-/media-typer-0.3.0.tgz 163ms (cache miss)
554 http fetch GET 200 https://registry.npmjs.org/util-deprecate/-/util-deprecate-1.0.2.tgz 169ms (cache miss)
555 http fetch GET 200 https://registry.npmjs.org/ee-first/-/ee-first-1.1.1.tgz 167ms (cache miss)
556 http fetch GET 200 https://registry.npmjs.org/es-define-property/-/es-define-property-1.0.0.tgz 171ms (cache miss)
557 http fetch GET 200 https://registry.npmjs.org/function-bind/-/function-bind-1.1.2.tgz 171ms (cache miss)
558 http fetch GET 200 https://registry.npmjs.org/has-symbols/-/has-symbols-1.0.3.tgz 173ms (cache miss)
559 http fetch GET 200 https://registry.npmjs.org/core-util-is/-/core-util-is-1.0.3.tgz 175ms (cache miss)
560 http fetch GET 200 https://registry.npmjs.org/side-channel/-/side-channel-1.0.6.tgz 184ms (cache miss)
561 http fetch GET 200 https://registry.npmjs.org/process-nextick-args/-/process-nextick-args-2.0.1.tgz 185ms (cache miss)
562 http fetch GET 200 https://registry.npmjs.org/isarray/-/isarray-1.0.0.tgz 184ms (cache miss)
563 http fetch GET 200 https://registry.npmjs.org/buffer-from/-/buffer-from-1.1.2.tgz 189ms (cache miss)
564 http fetch GET 200 https://registry.npmjs.org/string_decoder/-/string_decoder-1.1.1.tgz 194ms (cache miss)
565 http fetch GET 200 https://registry.npmjs.org/forwarded/-/forwarded-0.2.0.tgz 195ms (cache miss)
566 http fetch GET 200 https://registry.npmjs.org/xtend/-/xtend-4.0.2.tgz 198ms (cache miss)
567 http fetch GET 200 https://registry.npmjs.org/mkdirp/-/mkdirp-0.5.6.tgz 199ms (cache miss)
568 http fetch GET 200 https://registry.npmjs.org/concat-stream/-/concat-stream-1.6.2.tgz 201ms (cache miss)
569 http fetch GET 200 https://registry.npmjs.org/streamsearch/-/streamsearch-1.1.0.tgz 205ms (cache miss)
570 http fetch GET 200 https://registry.npmjs.org/toidentifier/-/toidentifier-1.0.1.tgz 213ms (cache miss)
571 http fetch GET 200 https://registry.npmjs.org/negotiator/-/negotiator-0.6.3.tgz 208ms (cache miss)
572 http fetch GET 200 https://registry.npmjs.org/unpipe/-/unpipe-1.0.0.tgz 209ms (cache miss)
573 http fetch GET 200 https://registry.npmjs.org/destroy/-/destroy-1.2.0.tgz 214ms (cache miss)
574 http fetch GET 200 https://registry.npmjs.org/inherits/-/inherits-2.0.4.tgz 216ms (cache miss)
575 http fetch GET 200 https://registry.npmjs.org/append-field/-/append-field-1.0.0.tgz 218ms (cache miss)
576 http fetch GET 200 https://registry.npmjs.org/ipaddr.js/-/ipaddr.js-1.9.1.tgz 225ms (cache miss)
577 http fetch GET 200 https://registry.npmjs.org/ms/-/ms-2.0.0.tgz 219ms (cache miss)
578 http fetch GET 200 https://registry.npmjs.org/utils-merge/-/utils-merge-1.0.1.tgz 217ms (cache miss)
579 http fetch GET 200 https://registry.npmjs.org/type-is/-/type-is-1.6.18.tgz 217ms (cache miss)
580 http fetch GET 200 https://registry.npmjs.org/setprototypeof/-/setprototypeof-1.2.0.tgz 223ms (cache miss)
581 http fetch GET 200 https://registry.npmjs.org/proxy-addr/-/proxy-addr-2.0.7.tgz 224ms (cache miss)
582 http fetch GET 200 https://registry.npmjs.org/bytes/-/bytes-3.1.2.tgz 227ms (cache miss)
583 http fetch GET 200 https://registry.npmjs.org/send/-/send-0.19.0.tgz 231ms (cache miss)
584 http fetch GET 200 https://registry.npmjs.org/encodeurl/-/encodeurl-2.0.0.tgz 231ms (cache miss)
585 http fetch GET 200 https://registry.npmjs.org/range-parser/-/range-parser-1.2.1.tgz 241ms (cache miss)
586 http fetch GET 200 https://registry.npmjs.org/path-to-regexp/-/path-to-regexp-0.1.10.tgz 240ms (cache miss)
587 http fetch GET 200 https://registry.npmjs.org/safe-buffer/-/safe-buffer-5.2.1.tgz 242ms (cache miss)
588 http fetch GET 200 https://registry.npmjs.org/methods/-/methods-1.1.2.tgz 242ms (cache miss)
589 http fetch GET 200 https://registry.npmjs.org/statuses/-/statuses-2.0.1.tgz 247ms (cache miss)
590 http fetch GET 200 https://registry.npmjs.org/finalhandler/-/finalhandler-1.3.1.tgz 240ms (cache miss)
591 http fetch GET 200 https://registry.npmjs.org/serve-static/-/serve-static-1.16.2.tgz 246ms (cache miss)
592 http fetch GET 200 https://registry.npmjs.org/cookie-signature/-/cookie-signature-1.0.6.tgz 239ms (cache miss)
593 http fetch GET 200 https://registry.npmjs.org/on-finished/-/on-finished-2.4.1.tgz 245ms (cache miss)
594 http fetch GET 200 https://registry.npmjs.org/has-property-descriptors/-/has-property-descriptors-1.0.2.tgz 265ms (cache miss)
595 http fetch GET 200 https://registry.npmjs.org/fresh/-/fresh-0.5.2.tgz 243ms (cache miss)
596 http fetch GET 200 https://registry.npmjs.org/escape-html/-/escape-html-1.0.3.tgz 242ms (cache miss)
597 http fetch GET 200 https://registry.npmjs.org/etag/-/etag-1.8.1.tgz 242ms (cache miss)
598 http fetch GET 200 https://registry.npmjs.org/cookie/-/cookie-0.7.1.tgz 241ms (cache miss)
599 http fetch GET 200 https://registry.npmjs.org/vary/-/vary-1.1.2.tgz 239ms (cache miss)
600 http fetch GET 200 https://registry.npmjs.org/depd/-/depd-2.0.0.tgz 241ms (cache miss)
601 http fetch GET 200 https://registry.npmjs.org/parseurl/-/parseurl-1.3.3.tgz 249ms (cache miss)
602 http fetch GET 200 https://registry.npmjs.org/merge-descriptors/-/merge-descriptors-1.0.3.tgz 247ms (cache miss)
603 http fetch GET 200 https://registry.npmjs.org/object-assign/-/object-assign-4.1.1.tgz 241ms (cache miss)
604 http fetch GET 200 https://registry.npmjs.org/accepts/-/accepts-1.3.8.tgz 242ms (cache miss)
605 http fetch GET 200 https://registry.npmjs.org/ms/-/ms-2.1.3.tgz 240ms (cache miss)
606 http fetch GET 200 https://registry.npmjs.org/cors/-/cors-2.8.5.tgz 241ms (cache miss)
607 http fetch GET 200 https://registry.npmjs.org/hasown/-/hasown-2.0.2.tgz 270ms (cache miss)
608 http fetch GET 200 https://registry.npmjs.org/typedarray/-/typedarray-0.0.6.tgz 263ms (cache miss)
609 http fetch GET 200 https://registry.npmjs.org/raw-body/-/raw-body-2.5.2.tgz 258ms (cache miss)
610 http fetch GET 200 https://registry.npmjs.org/content-disposition/-/content-disposition-0.5.4.tgz 246ms (cache miss)
611 http fetch GET 200 https://registry.npmjs.org/safe-buffer/-/safe-buffer-5.1.2.tgz 243ms (cache miss)
612 http fetch GET 200 https://registry.npmjs.org/encodeurl/-/encodeurl-1.0.2.tgz 244ms (cache miss)
613 http fetch GET 200 https://registry.npmjs.org/safer-buffer/-/safer-buffer-2.1.2.tgz 264ms (cache miss)
614 http fetch GET 200 https://registry.npmjs.org/has-proto/-/has-proto-1.0.3.tgz 274ms (cache miss)
615 http fetch GET 200 https://registry.npmjs.org/array-flatten/-/array-flatten-1.1.1.tgz 248ms (cache miss)
616 http fetch GET 200 https://registry.npmjs.org/content-type/-/content-type-1.0.5.tgz 252ms (cache miss)
617 http fetch GET 200 https://registry.npmjs.org/mime-types/-/mime-types-2.1.35.tgz 264ms (cache miss)
618 http fetch GET 200 https://registry.npmjs.org/http-errors/-/http-errors-2.0.0.tgz 256ms (cache miss)
619 http fetch GET 200 https://registry.npmjs.org/safe-buffer/-/safe-buffer-5.1.2.tgz 253ms (cache miss)
620 http fetch GET 200 https://registry.npmjs.org/mime-db/-/mime-db-1.52.0.tgz 274ms (cache miss)
621 http fetch GET 200 https://registry.npmjs.org/define-data-property/-/define-data-property-1.1.4.tgz 284ms (cache miss)
622 http fetch GET 200 https://registry.npmjs.org/set-function-length/-/set-function-length-1.2.2.tgz 284ms (cache miss)
623 http fetch GET 200 https://registry.npmjs.org/get-intrinsic/-/get-intrinsic-1.2.4.tgz 289ms (cache miss)
624 http fetch GET 200 https://registry.npmjs.org/call-bind/-/call-bind-1.0.7.tgz 295ms (cache miss)
625 http fetch GET 200 https://registry.npmjs.org/mime/-/mime-1.6.0.tgz 296ms (cache miss)
626 http fetch GET 200 https://registry.npmjs.org/multer/-/multer-1.4.5-lts.1.tgz 280ms (cache miss)
627 http fetch GET 200 https://registry.npmjs.org/body-parser/-/body-parser-1.20.3.tgz 282ms (cache miss)
628 http fetch GET 200 https://registry.npmjs.org/es-errors/-/es-errors-1.3.0.tgz 308ms (cache miss)
629 http fetch GET 200 https://registry.npmjs.org/debug/-/debug-2.6.9.tgz 285ms (cache miss)
630 http fetch GET 200 https://registry.npmjs.org/minimist/-/minimist-1.2.8.tgz 310ms (cache miss)
631 http fetch GET 200 https://registry.npmjs.org/qs/-/qs-6.13.0.tgz 301ms (cache miss)
632 http fetch GET 200 https://registry.npmjs.org/busboy/-/busboy-1.6.0.tgz 310ms (cache miss)
633 http fetch GET 200 https://registry.npmjs.org/readable-stream/-/readable-stream-2.3.8.tgz 312ms (cache miss)
634 http fetch GET 200 https://registry.npmjs.org/express/-/express-4.21.1.tgz 293ms (cache miss)
635 http fetch GET 200 https://registry.npmjs.org/iconv-lite/-/iconv-lite-0.4.24.tgz 312ms (cache miss)
636 http fetch GET 200 https://registry.npmjs.org/object-inspect/-/object-inspect-1.13.3.tgz 328ms (cache miss)
637 silly ADD node_modules/media-typer
638 silly ADD node_modules/has-property-descriptors
639 silly ADD node_modules/gopd
640 silly ADD node_modules/define-data-property
641 silly ADD node_modules/hasown
642 silly ADD node_modules/has-symbols
643 silly ADD node_modules/has-proto
644 silly ADD node_modules/set-function-length
645 silly ADD node_modules/function-bind
646 silly ADD node_modules/es-define-property
647 silly ADD node_modules/object-inspect
648 silly ADD node_modules/get-intrinsic
649 silly ADD node_modules/es-errors
650 silly ADD node_modules/call-bind
651 silly ADD node_modules/mime
652 silly ADD node_modules/util-deprecate
653 silly ADD node_modules/string_decoder
654 silly ADD node_modules/string_decoder/node_modules/safe-buffer
655 silly ADD node_modules/process-nextick-args
656 silly ADD node_modules/isarray
657 silly ADD node_modules/core-util-is
658 silly ADD node_modules/side-channel
659 silly ADD node_modules/ipaddr.js
660 silly ADD node_modules/forwarded
661 silly ADD node_modules/ee-first
662 silly ADD node_modules/minimist
663 silly ADD node_modules/typedarray
664 silly ADD node_modules/readable-stream
665 silly ADD node_modules/readable-stream/node_modules/safe-buffer
666 silly ADD node_modules/buffer-from
667 silly ADD node_modules/streamsearch
668 silly ADD node_modules/xtend
669 silly ADD node_modules/mkdirp
670 silly ADD node_modules/concat-stream
671 silly ADD node_modules/busboy
672 silly ADD node_modules/append-field
673 silly ADD node_modules/mime-db
674 silly ADD node_modules/safer-buffer
675 silly ADD node_modules/toidentifier
676 silly ADD node_modules/inherits
677 silly ADD node_modules/ms
678 silly ADD node_modules/unpipe
679 silly ADD node_modules/raw-body
680 silly ADD node_modules/iconv-lite
681 silly ADD node_modules/destroy
682 silly ADD node_modules/bytes
683 silly ADD node_modules/negotiator
684 silly ADD node_modules/mime-types
685 silly ADD node_modules/utils-merge
686 silly ADD node_modules/type-is
687 silly ADD node_modules/statuses
688 silly ADD node_modules/setprototypeof
689 silly ADD node_modules/serve-static
690 silly ADD node_modules/send
691 silly ADD node_modules/send/node_modules/ms
692 silly ADD node_modules/send/node_modules/encodeurl
693 silly ADD node_modules/safe-buffer
694 silly ADD node_modules/range-parser
695 silly ADD node_modules/qs
696 silly ADD node_modules/proxy-addr
697 silly ADD node_modules/path-to-regexp
698 silly ADD node_modules/parseurl
699 silly ADD node_modules/on-finished
700 silly ADD node_modules/methods
701 silly ADD node_modules/merge-descriptors
702 silly ADD node_modules/http-errors
703 silly ADD node_modules/fresh
704 silly ADD node_modules/finalhandler
705 silly ADD node_modules/etag
706 silly ADD node_modules/escape-html
707 silly ADD node_modules/encodeurl
708 silly ADD node_modules/depd
709 silly ADD node_modules/debug
710 silly ADD node_modules/cookie-signature
711 silly ADD node_modules/cookie
712 silly ADD node_modules/content-type
713 silly ADD node_modules/content-disposition
714 silly ADD node_modules/body-parser
715 silly ADD node_modules/array-flatten
716 silly ADD node_modules/accepts
717 silly ADD node_modules/vary
718 silly ADD node_modules/object-assign
719 silly ADD node_modules/multer
720 silly ADD node_modules/express
721 silly ADD node_modules/cors
722 verbose cwd C:\webChat\static\script
723 verbose os Windows_NT 10.0.19045
724 verbose node v20.17.0
725 verbose npm  v10.8.2
726 notice
726 notice New [33mminor[39m version of npm available! [33m10.8.2[39m -> [34m10.9.0[39m
726 notice Changelog: [34mhttps://github.com/npm/cli/releases/tag/v10.9.0[39m
726 notice To update run: [4mnpm install -g npm@10.9.0[24m
726 notice  { force: true, [Symbol(proc-log.meta)]: true }
727 verbose exit 0
728 info ok
